<?xml version="1.0" encoding="UTF-8"?>
<!-- Generated by org.testng.reporters.JUnitXMLReporter -->
<testsuite ignored="0" hostname="hp" failures="0" tests="2" name="Test" time="75.377" errors="0" timestamp="2024-01-17T12:27:00 IST">
  <testcase classname="CoverFox_Testclass.CF_TC04_Validate_search_results_for_healthcare_policies" name="validateTestPlansFromTextandBanner" time="19.098"/>
  <testcase classname="CoverFox_Testclass.CF_TC05_Validate_errormessage" name="validate_PincodeErrorMessage" time="2.114"/>
</testsuite> <!-- Test -->
