<?xml version="1.0" encoding="UTF-8"?>
<testng-results ignored="0" total="1" passed="1" failed="0" skipped="0">
  <reporter-output>
    <line>
      <![CDATA[Opening browser]]>
    </line>
    <line>
      <![CDATA[clicking on Female Button]]>
    </line>
    <line>
      <![CDATA[clicking on Next Button]]>
    </line>
    <line>
      <![CDATA[Handeling Age Drop down]]>
    </line>
    <line>
      <![CDATA[clicking on Next Button after age]]>
    </line>
    <line>
      <![CDATA[entering Pincode]]>
    </line>
    <line>
      <![CDATA[entering Mobile No.]]>
    </line>
    <line>
      <![CDATA[clicking on Continue Button]]>
    </line>
    <line>
      <![CDATA[Fetching no. of result from text]]>
    </line>
    <line>
      <![CDATA[Fetching no. of result from banner]]>
    </line>
    <line>
      <![CDATA[TC is Passed]]>
    </line>
    <line>
      <![CDATA[Closing Browser]]>
    </line>
  </reporter-output>
  <suite started-at="2024-01-17T12:41:06 IST" name="Default suite" finished-at="2024-01-17T12:41:52 IST" duration-ms="45227">
    <groups>
    </groups>
    <test started-at="2024-01-17T12:41:06 IST" name="Default test" finished-at="2024-01-17T12:41:52 IST" duration-ms="45227">
      <class name="CoverFox_Testclass.CF_TC04_Validate_search_results_for_healthcare_policies">
        <test-method is-config="true" signature="launchingBrowser()[pri:0, instance:CoverFox_Testclass.CF_TC04_Validate_search_results_for_healthcare_policies@2892d68]" started-at="2024-01-17T12:41:06 IST" name="launchingBrowser" finished-at="2024-01-17T12:41:15 IST" duration-ms="8706" status="PASS">
          <reporter-output>
            <line>
              <![CDATA[Opening browser]]>
            </line>
          </reporter-output>
        </test-method> <!-- launchingBrowser -->
        <test-method is-config="true" signature="enterMemeberDetails()[pri:0, instance:CoverFox_Testclass.CF_TC04_Validate_search_results_for_healthcare_policies@2892d68]" started-at="2024-01-17T12:41:15 IST" name="enterMemeberDetails" finished-at="2024-01-17T12:41:25 IST" duration-ms="10147" status="PASS">
          <reporter-output>
            <line>
              <![CDATA[clicking on Female Button]]>
            </line>
            <line>
              <![CDATA[clicking on Next Button]]>
            </line>
            <line>
              <![CDATA[Handeling Age Drop down]]>
            </line>
            <line>
              <![CDATA[clicking on Next Button after age]]>
            </line>
            <line>
              <![CDATA[entering Pincode]]>
            </line>
            <line>
              <![CDATA[entering Mobile No.]]>
            </line>
            <line>
              <![CDATA[clicking on Continue Button]]>
            </line>
          </reporter-output>
        </test-method> <!-- enterMemeberDetails -->
        <test-method signature="validateTestPlansFromTextandBanner()[pri:0, instance:CoverFox_Testclass.CF_TC04_Validate_search_results_for_healthcare_policies@2892d68]" started-at="2024-01-17T12:41:25 IST" name="validateTestPlansFromTextandBanner" finished-at="2024-01-17T12:41:44 IST" duration-ms="19093" status="PASS">
          <reporter-output>
            <line>
              <![CDATA[Fetching no. of result from text]]>
            </line>
            <line>
              <![CDATA[Fetching no. of result from banner]]>
            </line>
            <line>
              <![CDATA[TC is Passed]]>
            </line>
          </reporter-output>
        </test-method> <!-- validateTestPlansFromTextandBanner -->
        <test-method is-config="true" signature="closingBrowser()[pri:0, instance:CoverFox_Testclass.CF_TC04_Validate_search_results_for_healthcare_policies@2892d68]" started-at="2024-01-17T12:41:44 IST" name="closingBrowser" finished-at="2024-01-17T12:41:52 IST" duration-ms="7211" status="PASS">
          <reporter-output>
            <line>
              <![CDATA[Closing Browser]]>
            </line>
          </reporter-output>
        </test-method> <!-- closingBrowser -->
      </class> <!-- CoverFox_Testclass.CF_TC04_Validate_search_results_for_healthcare_policies -->
    </test> <!-- Default test -->
  </suite> <!-- Default suite -->
</testng-results>
